[INFO] Scanning for projects...
[INFO] 
[INFO] --------------------< com.haidarvm:indeks-kepuasan >--------------------
[INFO] Building indeks-kepuasan 0.1.3-SNAPSHOT
[INFO] --------------------------------[ jar ]---------------------------------
[INFO] 
[INFO] >>> spring-boot-maven-plugin:2.1.7.RELEASE:run (default-cli) > test-compile @ indeks-kepuasan >>>
[INFO] 
[INFO] --- maven-resources-plugin:3.1.0:resources (default-resources) @ indeks-kepuasan ---
[INFO] Using 'UTF-8' encoding to copy filtered resources.
[INFO] Copying 1 resource
[INFO] Copying 57 resources
[INFO] 
[INFO] --- maven-compiler-plugin:3.8.1:compile (default-compile) @ indeks-kepuasan ---
[INFO] Nothing to compile - all classes are up to date
[INFO] 
[INFO] --- maven-resources-plugin:3.1.0:testResources (default-testResources) @ indeks-kepuasan ---
[INFO] Using 'UTF-8' encoding to copy filtered resources.
[INFO] skip non existing resourceDirectory /home/haidar/public_html/indeks-kepuasan/src/test/resources
[INFO] 
[INFO] --- maven-compiler-plugin:3.8.1:testCompile (default-testCompile) @ indeks-kepuasan ---
[INFO] Nothing to compile - all classes are up to date
[INFO] 
[INFO] <<< spring-boot-maven-plugin:2.1.7.RELEASE:run (default-cli) < test-compile @ indeks-kepuasan <<<
[INFO] 
[INFO] 
[INFO] --- spring-boot-maven-plugin:2.1.7.RELEASE:run (default-cli) @ indeks-kepuasan ---
[INFO] Attaching agents: []

  .   ____          _            __ _ _
 /\\ / ___'_ __ _ _(_)_ __  __ _ \ \ \ \
( ( )\___ | '_ | '_| | '_ \/ _` | \ \ \ \
 \\/  ___)| |_)| | | | | || (_| |  ) ) ) )
  '  |____| .__|_| |_|_| |_\__, | / / / /
 =========|_|==============|___/=/_/_/_/
 :: Spring Boot ::        (v2.1.7.RELEASE)

2019-09-26 11:38:55.772  INFO 17809 --- [  restartedMain] c.h.i.IndeksKepuasanApplication          : Starting IndeksKepuasanApplication on haidar-test with PID 17809 (/home/haidar/public_html/indeks-kepuasan/target/classes started by haidar in /home/haidar/public_html/indeks-kepuasan)
2019-09-26 11:38:55.776 DEBUG 17809 --- [  restartedMain] c.h.i.IndeksKepuasanApplication          : Running with Spring Boot v2.1.7.RELEASE, Spring v5.1.9.RELEASE
2019-09-26 11:38:55.777  INFO 17809 --- [  restartedMain] c.h.i.IndeksKepuasanApplication          : No active profile set, falling back to default profiles: default
2019-09-26 11:39:09.318  WARN 17809 --- [  restartedMain] aWebConfiguration$JpaWebMvcConfiguration : spring.jpa.open-in-view is enabled by default. Therefore, database queries may be performed during view rendering. Explicitly configure spring.jpa.open-in-view to disable this warning
2019-09-26 11:39:11.340  INFO 17809 --- [  restartedMain] c.h.i.IndeksKepuasanApplication          : Started IndeksKepuasanApplication in 16.562 seconds (JVM running for 17.591)
 Don't load anything
[INFO] ------------------------------------------------------------------------
[INFO] BUILD FAILURE
[INFO] ------------------------------------------------------------------------
[INFO] Total time:  47.192 s
[INFO] Finished at: 2019-09-26T11:39:37+07:00
[INFO] ------------------------------------------------------------------------
